[debug] [2022-06-18T08:09:17.319Z] ----------------------------------------------------------------------
[debug] [2022-06-18T08:09:17.323Z] Command:       C:\Program Files\nodejs\node.exe C:\Users\MUNIR\AppData\Roaming\npm\node_modules\firebase-tools\lib\bin\firebase.js init
[debug] [2022-06-18T08:09:17.325Z] CLI Version:   11.0.1
[debug] [2022-06-18T08:09:17.326Z] Platform:      win32
[debug] [2022-06-18T08:09:17.327Z] Node Version:  v16.15.0
[debug] [2022-06-18T08:09:17.508Z] Time:          Sat Jun 18 2022 14:09:17 GMT+0600 (Bangladesh Standard Time)
[debug] [2022-06-18T08:09:17.509Z] ----------------------------------------------------------------------
[debug] 
[debug] [2022-06-18T08:09:17.544Z] >>> [apiv2][query] GET https://firebase-public.firebaseio.com/cli.json [none]
[debug] [2022-06-18T08:09:17.815Z] > command requires scopes: ["email","openid","https://www.googleapis.com/auth/cloudplatformprojects.readonly","https://www.googleapis.com/auth/firebase","https://www.googleapis.com/auth/cloud-platform"]
[debug] [2022-06-18T08:09:17.815Z] > authorizing via signed-in user (munirpundra.cse@gmail.com)
[info] 
     ######## #### ########  ######## ########     ###     ######  ########
     ##        ##  ##     ## ##       ##     ##  ##   ##  ##       ##
     ######    ##  ########  ######   ########  #########  ######  ######
     ##        ##  ##    ##  ##       ##     ## ##     ##       ## ##
     ##       #### ##     ## ######## ########  ##     ##  ######  ########

You're about to initialize a Firebase project in this directory:

  D:\Projects\React\netflix-clone

Before we get started, keep in mind:

  * You are initializing within an existing Firebase project directory

[debug] [2022-06-18T08:09:19.198Z] <<< [apiv2][status] GET https://firebase-public.firebaseio.com/cli.json 200
[debug] [2022-06-18T08:09:19.199Z] <<< [apiv2][body] GET https://firebase-public.firebaseio.com/cli.json {"cloudBuildErrorAfter":1594252800000,"cloudBuildWarnAfter":1590019200000,"defaultNode10After":1594252800000,"minVersion":"3.0.5","node8DeploysDisabledAfter":1613390400000,"node8RuntimeDisabledAfter":1615809600000,"node8WarnAfter":1600128000000}
